<?xml version="1.0" encoding="UTF-8"?>
<!-- Generated by org.testng.reporters.JUnitReportReporter -->
<testsuite hostname="RPSPLDP1-60" failures="0" tests="1" name="MyTest.MyTestClass" time="0.007" errors="0" timestamp="11 Feb 2019 09:35:49 GMT" skipped="0">
  <testcase classname="MyTest.MyTestClass" name="SampleMethods" time="0.007"/>
</testsuite> <!-- MyTest.MyTestClass -->
