<?xml version="1.0" encoding="UTF-8"?>
<!-- Generated by org.testng.reporters.JUnitReportReporter -->
<testsuite skipped="0" hostname="RPSPLDP1-35" name="MyTest.MyTestClass" tests="2" failures="0" timestamp="26 Feb 2020 13:30:15 GMT" time="8.994" errors="0">
  <testcase name="SampleMethods" time="0.008" classname="MyTest.MyTestClass"/>
  <testcase name="sample2" time="8.986" classname="MyTest.MyTestClass"/>
</testsuite> <!-- MyTest.MyTestClass -->
