<?xml version="1.0" encoding="UTF-8"?>
<!-- Generated by org.testng.reporters.JUnitReportReporter -->
<testsuite hostname="RPSPLDP1-35" failures="0" tests="2" name="MyTest.MyTestClass" time="9.517" errors="0" timestamp="26 Feb 2020 14:32:39 GMT">
  <testcase classname="MyTest.MyTestClass" name="sample2" time="9.511"/>
  <testcase classname="MyTest.MyTestClass" name="SampleMethods" time="0.006"/>
</testsuite> <!-- MyTest.MyTestClass -->
